<?xml version="1.0" encoding="utf-8" standalone="no"?>
<!--This file represents the results of running a test suite-->
<test-results name="D:\AutomatedTesting\RegistrationUsePageObject\RegistrationUsePageObject\bin\Debug\RegistrationUsePageObject.dll" total="1" errors="0" failures="0" not-run="0" inconclusive="0" ignored="0" skipped="0" invalid="0" date="2017-09-13" time="16:53:54">
  <environment nunit-version="2.6.0.12051" clr-version="2.0.50727.8762" os-version="Microsoft Windows NT 6.1.7601 Service Pack 1" platform="Win32NT" cwd="D:\AutomatedTesting\RegistrationUsePageObject\RegistrationUsePageObject\bin\Debug" machine-name="NB62" user="dmhabibulin" user-domain="N3" />
  <culture-info current-culture="ru-RU" current-uiculture="ru-RU" />
  <test-suite type="Assembly" name="D:\AutomatedTesting\RegistrationUsePageObject\RegistrationUsePageObject\bin\Debug\RegistrationUsePageObject.dll" executed="True" result="Failure" success="False" time="25.881" asserts="0">
    <results>
      <test-suite type="Namespace" name="TestingProject" executed="True" result="Failure" success="False" time="25.869" asserts="0">
        <results>
          <test-suite type="Namespace" name="Tests" executed="True" result="Failure" success="False" time="25.869" asserts="0">
            <results>
              <test-suite type="TestFixture" name="LoginTests" executed="True" result="Failure" success="False" time="25.867" asserts="0">
                <results>
                  <test-case name="TestingProject.Tests.LoginTests.AssertLogin" executed="True" result="Success" success="True" time="17.918" asserts="0" />
                </results>
              </test-suite>
            </results>
          </test-suite>
        </results>
      </test-suite>
    </results>
  </test-suite>
</test-results>